<html>
<body>
<pre>
<h1>µVision Build Log</h1>
<h2>Tool Versions:</h2>
IDE-Version: µVision V5.14.0.0
Copyright (C) 2015 ARM Ltd and ARM Germany GmbH. All rights reserved.
License Information: Jithin M, Fin robotics, LIC=WIVEZ-JVLJK-RH88Q-LCJGK-62JWP-CHLZ6
 
Tool Versions:
Toolchain:       MDK-ARM Standard Cortex-M only  Version: 5.14.0.0
Toolchain Path:  C:\Keil_v5\ARM\ARMCC\Bin
C Compiler:      Armcc.exe V5.05 update 1 (build 106)
Assembler:       Armasm.exe V5.05 update 1 (build 106)
Linker/Locator:  ArmLink.exe V5.05 update 1 (build 106)
Library Manager: ArmAr.exe V5.05 update 1 (build 106)
Hex Converter:   FromElf.exe V5.05 update 1 (build 106)
CPU DLL:         SARMCM3.DLL V5.14.0.0
Dialog DLL:      DARMCM1.DLL V1.12.0.0
Target DLL:      Segger\JL2CM3.dll V2.99.13.0
Dialog DLL:      TARMCM1.DLL V1.9.0.0
 
<h2>Project:</h2>
E:\workspace\Keil\Nordic\Gatt_study\Gatt_study.uvprojx
Project File Date:  06/08/2015

<h2>Output:</h2>
Build target 'nrf51422'
compiling main.c...
src\main.c(57): error:  #20: identifier "app_timer_event_t" is undefined
        APP_SCHED_INIT(SCHED_MAX_EVENT_DATA_SIZE, SCHED_QUEUE_SIZE);
src\main.c(64): warning:  #223-D: function "sd_app_evt_wait" declared implicitly
      uint32_t err_code = sd_app_evt_wait();
src\main.c(46): warning:  #177-D: function "bsp_module_init" was declared but never referenced
  static void bsp_module_init(void)
src\main.c(15): error:  #114: function "timers_init" was referenced but not defined
  static void timers_init(void);
src\main.c: 2 warnings, 2 errors
compiling myble.c...
src\myble.c(71): error:  #29: expected an expression
      static ble_gap_sec_keyset_t      m_keys = {.keys_periph = {&m_enc_key, &m_id_key, &m_sign_key}};
src\myble.c(162): warning:  #68-D: integer conversion resulted in a change of sign
        SOFTDEVICE_HANDLER_INIT(NRF_CLOCK_LFCLKSRC_XTAL_20_PPM, NULL);
src\myble.c(162): error:  #95: array is too large
        SOFTDEVICE_HANDLER_INIT(NRF_CLOCK_LFCLKSRC_XTAL_20_PPM, NULL);
src\myble.c(165): error:  #268: declaration may not appear after executable statement in block
        ble_enable_params_t ble_enable_params;
src\myble.c(173): warning:  #223-D: function "softdevice_ble_evt_handler_set" declared implicitly
        err_code = softdevice_ble_evt_handler_set(ble_evt_dispatch);
src\myble.c(225): error:  #268: declaration may not appear after executable statement in block
      ble_adv_modes_config_t options = {0};
src\myble.c(353): warning:  #1-D: last line of file ends without a newline
  }
src\myble.c(276): warning:  #177-D: function "services_init" was declared but never referenced
  static void services_init(void)
src\myble.c(349): warning:  #177-D: function "timers_init" was declared but never referenced
  static void timers_init(void)
src\myble.c: 5 warnings, 4 errors
compiling bsp.c...
RTE\Board_Support\nRF51422_xxAC\bsp.c(119): error:  #268: declaration may not appear after executable statement in block
      uint32_t buttons = ~NRF_GPIO->IN;
RTE\Board_Support\nRF51422_xxAC\bsp.c(120): error:  #268: declaration may not appear after executable statement in block
      uint32_t cnt;
RTE\Board_Support\nRF51422_xxAC\bsp.c(653): error:  #254: type name is not allowed
      for (uint32_t i = 0; i < BUTTONS_NUMBER; i++)
RTE\Board_Support\nRF51422_xxAC\bsp.c(653): error:  #65: expected a ";"
      for (uint32_t i = 0; i < BUTTONS_NUMBER; i++)
RTE\Board_Support\nRF51422_xxAC\bsp.c(653): error:  #20: identifier "i" is undefined
      for (uint32_t i = 0; i < BUTTONS_NUMBER; i++)
RTE\Board_Support\nRF51422_xxAC\bsp.c: 0 warnings, 5 errors
compiling ble_advertising.c...
RTE\nRF_BLE\nRF51422_xxAC\ble_advertising.c(146): error:  #254: type name is not allowed
          for(uint32_t i = 0; i < m_advdata.p_manuf_specific_data->data.size; i++)
RTE\nRF_BLE\nRF51422_xxAC\ble_advertising.c(146): error:  #65: expected a ";"
          for(uint32_t i = 0; i < m_advdata.p_manuf_specific_data->data.size; i++)
RTE\nRF_BLE\nRF51422_xxAC\ble_advertising.c(146): error:  #20: identifier "i" is undefined
          for(uint32_t i = 0; i < m_advdata.p_manuf_specific_data->data.size; i++)
RTE\nRF_BLE\nRF51422_xxAC\ble_advertising.c(160): error:  #254: type name is not allowed
          for(uint32_t i = 0; i < m_advdata.p_service_data_array->data.size; i++)
RTE\nRF_BLE\nRF51422_xxAC\ble_advertising.c(160): error:  #65: expected a ";"
          for(uint32_t i = 0; i < m_advdata.p_service_data_array->data.size; i++)
RTE\nRF_BLE\nRF51422_xxAC\ble_advertising.c(160): error:  #20: identifier "i" is undefined
          for(uint32_t i = 0; i < m_advdata.p_service_data_array->data.size; i++)
RTE\nRF_BLE\nRF51422_xxAC\ble_advertising.c(193): error:  #268: declaration may not appear after executable statement in block
      uint32_t             count = 0;
RTE\nRF_BLE\nRF51422_xxAC\ble_advertising.c(492): error:  #29: expected an expression
      for (int i = 0; i < BLE_GAP_ADDR_LEN; i++)
RTE\nRF_BLE\nRF51422_xxAC\ble_advertising.c(492): error:  #20: identifier "i" is undefined
      for (int i = 0; i < BLE_GAP_ADDR_LEN; i++)
RTE\nRF_BLE\nRF51422_xxAC\ble_advertising.c: 0 warnings, 9 errors
compiling nrf_drv_gpiote.c...
C:\Keil_v5\ARM\PACK\NordicSemiconductor\nRF_Drivers\3.0.0\gpiote\nrf_drv_gpiote.c(30): error:  #20: identifier "GPIOTE_CONFIG_NUM_OF_LOW_POWER_EVENTS" is undefined
      nrf_drv_gpiote_evt_handler_t handlers[NUMBER_OF_GPIO_TE+GPIOTE_CONFIG_NUM_OF_LOW_POWER_EVENTS];
C:\Keil_v5\ARM\PACK\NordicSemiconductor\nRF_Drivers\3.0.0\gpiote\nrf_drv_gpiote.c(138): error:  #268: declaration may not appear after executable statement in block
      uint8_t i;
C:\Keil_v5\ARM\PACK\NordicSemiconductor\nRF_Drivers\3.0.0\gpiote\nrf_drv_gpiote.c(148): error:  #20: identifier "GPIOTE_CONFIG_IRQ_PRIORITY" is undefined
      nrf_drv_common_irq_enable(GPIOTE_IRQn, GPIOTE_CONFIG_IRQ_PRIORITY);
C:\Keil_v5\ARM\PACK\NordicSemiconductor\nRF_Drivers\3.0.0\gpiote\nrf_drv_gpiote.c(164): error:  #268: declaration may not appear after executable statement in block
      uint32_t i;
C:\Keil_v5\ARM\PACK\NordicSemiconductor\nRF_Drivers\3.0.0\gpiote\nrf_drv_gpiote.c(188): error:  #268: declaration may not appear after executable statement in block
      ret_code_t result = NRF_SUCCESS;
C:\Keil_v5\ARM\PACK\NordicSemiconductor\nRF_Drivers\3.0.0\gpiote\nrf_drv_gpiote.c(296): error:  #268: declaration may not appear after executable statement in block
      nrf_gpiote_tasks_t task = (nrf_gpiote_tasks_t)((uint32_t)NRF_GPIOTE_TASKS_OUT_0+(4*channel_port_get(pin)));
C:\Keil_v5\ARM\PACK\NordicSemiconductor\nRF_Drivers\3.0.0\gpiote\nrf_drv_gpiote.c(306): error:  #268: declaration may not appear after executable statement in block
      nrf_gpiote_outinit_t init_val = state ? NRF_GPIOTE_INITIAL_VALUE_HIGH : NRF_GPIOTE_INITIAL_VALUE_LOW;
C:\Keil_v5\ARM\PACK\NordicSemiconductor\nRF_Drivers\3.0.0\gpiote\nrf_drv_gpiote.c(316): error:  #268: declaration may not appear after executable statement in block
      nrf_gpiote_tasks_t task = (nrf_gpiote_tasks_t)((uint32_t)NRF_GPIOTE_TASKS_OUT_0+(4*channel_port_get(pin)));
C:\Keil_v5\ARM\PACK\NordicSemiconductor\nRF_Drivers\3.0.0\gpiote\nrf_drv_gpiote.c(325): error:  #268: declaration may not appear after executable statement in block
      ret_code_t result = NRF_SUCCESS;
C:\Keil_v5\ARM\PACK\NordicSemiconductor\nRF_Drivers\3.0.0\gpiote\nrf_drv_gpiote.c(439): error:  #268: declaration may not appear after executable statement in block
      nrf_gpiote_events_t event = (nrf_gpiote_events_t)((uint32_t)NRF_GPIOTE_EVENTS_IN_0+(4*channel_port_get(pin)));
C:\Keil_v5\ARM\PACK\NordicSemiconductor\nRF_Drivers\3.0.0\gpiote\nrf_drv_gpiote.c: 0 warnings, 10 errors
compiling app_uart.c...
RTE\nRF_Drivers\nRF51422_xxAC\app_uart.c(365): error:  #268: declaration may not appear after executable statement in block
          nrf_drv_gpiote_out_config_t rts_config = GPIOTE_CONFIG_OUT_SIMPLE(true);
RTE\nRF_Drivers\nRF51422_xxAC\app_uart.c(365): error:  #29: expected an expression
          nrf_drv_gpiote_out_config_t rts_config = GPIOTE_CONFIG_OUT_SIMPLE(true);
RTE\nRF_Drivers\nRF51422_xxAC\app_uart.c(365): error:  #29: expected an expression
          nrf_drv_gpiote_out_config_t rts_config = GPIOTE_CONFIG_OUT_SIMPLE(true);
RTE\nRF_Drivers\nRF51422_xxAC\app_uart.c(380): error:  #268: declaration may not appear after executable statement in block
          nrf_drv_gpiote_in_config_t cts_config = GPIOTE_CONFIG_IN_SENSE_TOGGLE(false);
RTE\nRF_Drivers\nRF51422_xxAC\app_uart.c(380): error:  #29: expected an expression
          nrf_drv_gpiote_in_config_t cts_config = GPIOTE_CONFIG_IN_SENSE_TOGGLE(false);
RTE\nRF_Drivers\nRF51422_xxAC\app_uart.c(380): error:  #29: expected an expression
          nrf_drv_gpiote_in_config_t cts_config = GPIOTE_CONFIG_IN_SENSE_TOGGLE(false);
RTE\nRF_Drivers\nRF51422_xxAC\app_uart.c(380): error:  #29: expected an expression
          nrf_drv_gpiote_in_config_t cts_config = GPIOTE_CONFIG_IN_SENSE_TOGGLE(false);
RTE\nRF_Drivers\nRF51422_xxAC\app_uart.c(380): error:  #29: expected an expression
          nrf_drv_gpiote_in_config_t cts_config = GPIOTE_CONFIG_IN_SENSE_TOGGLE(false);
RTE\nRF_Drivers\nRF51422_xxAC\app_uart.c: 0 warnings, 8 errors
compiling pstorage.c...
RTE\nRF_Drivers\nRF51422_xxAC\pstorage.c(474): error:  #268: declaration may not appear after executable statement in block
                  const bool store_finished =
RTE\nRF_Drivers\nRF51422_xxAC\pstorage.c(478): error:  #268: declaration may not appear after executable statement in block
                  const bool update_finished =
RTE\nRF_Drivers\nRF51422_xxAC\pstorage.c(482): error:  #268: declaration may not appear after executable statement in block
                  const bool clear_block_finished =
RTE\nRF_Drivers\nRF51422_xxAC\pstorage.c(486): error:  #268: declaration may not appear after executable statement in block
                  const bool clear_all_finished =
RTE\nRF_Drivers\nRF51422_xxAC\pstorage.c(790): error:  #268: declaration may not appear after executable statement in block
                  uint32_t head_word_size = (
RTE\nRF_Drivers\nRF51422_xxAC\pstorage.c(795): error:  #268: declaration may not appear after executable statement in block
                  uint32_t tail_word_size = (
RTE\nRF_Drivers\nRF51422_xxAC\pstorage.c(851): error:  #254: type name is not allowed
      for (uint32_t index = 0; index < PSTORAGE_MAX_APPLICATIONS; index++)
RTE\nRF_Drivers\nRF51422_xxAC\pstorage.c(851): error:  #65: expected a ";"
      for (uint32_t index = 0; index < PSTORAGE_MAX_APPLICATIONS; index++)
RTE\nRF_Drivers\nRF51422_xxAC\pstorage.c(851): error:  #20: identifier "index" is undefined
      for (uint32_t index = 0; index < PSTORAGE_MAX_APPLICATIONS; index++)
RTE\nRF_Drivers\nRF51422_xxAC\pstorage.c: 0 warnings, 9 errors
compiling app_button.c...
RTE\nRF_Libraries\nRF51422_xxAC\app_button.c(55): error:  #268: declaration may not appear after executable statement in block
              bool pin_is_set = nrf_drv_gpiote_in_is_set(p_btn->pin_no);
RTE\nRF_Libraries\nRF51422_xxAC\app_button.c(143): error:  #29: expected an expression
          nrf_drv_gpiote_in_config_t config = GPIOTE_CONFIG_IN_SENSE_TOGGLE(false);
RTE\nRF_Libraries\nRF51422_xxAC\app_button.c(143): error:  #29: expected an expression
          nrf_drv_gpiote_in_config_t config = GPIOTE_CONFIG_IN_SENSE_TOGGLE(false);
RTE\nRF_Libraries\nRF51422_xxAC\app_button.c(143): error:  #29: expected an expression
          nrf_drv_gpiote_in_config_t config = GPIOTE_CONFIG_IN_SENSE_TOGGLE(false);
RTE\nRF_Libraries\nRF51422_xxAC\app_button.c(143): error:  #29: expected an expression
          nrf_drv_gpiote_in_config_t config = GPIOTE_CONFIG_IN_SENSE_TOGGLE(false);
RTE\nRF_Libraries\nRF51422_xxAC\app_button.c(163): error:  #268: declaration may not appear after executable statement in block
      uint32_t i;
RTE\nRF_Libraries\nRF51422_xxAC\app_button.c(177): error:  #268: declaration may not appear after executable statement in block
      uint32_t i;
RTE\nRF_Libraries\nRF51422_xxAC\app_button.c(193): error:  #268: declaration may not appear after executable statement in block
      app_button_cfg_t * p_btn = &mp_buttons[button_id];
RTE\nRF_Libraries\nRF51422_xxAC\app_button.c(194): error:  #268: declaration may not appear after executable statement in block
      bool is_set = nrf_drv_gpiote_in_is_set(p_btn->pin_no);
RTE\nRF_Libraries\nRF51422_xxAC\app_button.c: 0 warnings, 9 errors
compiling app_timer.c...
RTE\nRF_Libraries\nRF51422_xxAC\app_timer.c(708): error:  #268: declaration may not appear after executable statement in block
          uint32_t post_counter_val = rtc1_counter_get();
RTE\nRF_Libraries\nRF51422_xxAC\app_timer.c: 0 warnings, 1 error
compiling softdevice_handler.c...
RTE\nRF_SoftDevice\nRF51422_xxAC\softdevice_handler.c(76): error:  #268: declaration may not appear after executable statement in block
      bool no_more_soc_evts = (m_sys_evt_handler == NULL);
RTE\nRF_SoftDevice\nRF51422_xxAC\softdevice_handler.c: 0 warnings, 1 error
".\Objects\Gatt_study.axf" - 58 Error(s), 7 Warning(s).

<h2>Software Packages used:</h2>

Package Vendor: ARM
                http://www.keil.com/pack/ARM.CMSIS.4.3.0.pack
                ARM::CMSIS:CORE:4.1.0
                CMSIS (Cortex Microcontroller Software Interface Standard)
   * Component: CORE Version: 4.1.0

Package Vendor: NordicSemiconductor
                http://developer.nordicsemi.com/nRF51_SDK/pieces/nRF_BLE/NordicSemiconductor.nRF_BLE.3.0.0.pack
                NordicSemiconductor::nRF_BLE:BLE_Modules:ble_conn_params:3.0.0
                Bluetooth Low Energy (Bluetooth Smart) services and software modules for Nordic Semiconductor nRF family.
   * Component: ble_conn_params Version: 3.0.0
   * Component: ble_service_common Version: 3.0.0
   * Component: ble_common Version: 3.0.0
   * Component: ble_advertising Version: 3.0.0
   * Component: ble_advdata Version: 3.0.0

Package Vendor: NordicSemiconductor
                http://developer.nordicsemi.com/nRF51_SDK/pieces/nRF_Drivers/NordicSemiconductor.nRF_Drivers.3.0.0.pack
                NordicSemiconductor::nRF_Drivers:nrf_delay:3.0.0
                Drivers for Nordic Semiconductor nRF family.
   * Component: nrf_delay Version: 3.0.0
   * Component: nrf_gpio Version: 3.0.0
   * Component: nrf_gpiote Version: 3.0.0
   * Component: nrf_error Variant: default Version: 3.0.0
   * Component: pstorage Variant: default Version: 3.0.0
   * Component: nrf_drv_gpiote Version: 3.0.0
   * Component: nrf_drv_common Version: 3.0.0
   * Component: app_uart Variant: default Version: 3.0.0

Package Vendor: NordicSemiconductor
                http://developer.nordicsemi.com/nRF51_SDK/pieces/nRF_Examples/NordicSemiconductor.nRF_Examples.8.1.1.pack
                NordicSemiconductor::Board Support:bsp:Uart:8.1.1
                Examples and BSP for Nordic Semiconductor nRF family.
   * Component: bsp Variant: Uart Version: 8.1.1

Package Vendor: NordicSemiconductor
                http://developer.nordicsemi.com/nRF51_SDK/pieces/nRF_Libraries/NordicSemiconductor.nRF_Libraries.3.0.0.pack
                NordicSemiconductor::nRF_Libraries:app_button:3.0.0
                Software modules for Nordic Semiconductor nRF family.
   * Component: app_button Version: 3.0.0
   * Component: app_error Version: 3.0.0
   * Component: app_scheduler Variant: default Version: 3.0.0
   * Component: retarget Version: 3.0.0
   * Component: app_trace Variant: default Version: 3.0.0
   * Component: nrf_assert Version: 3.0.0
   * Component: app_timer Variant: default Version: 3.0.0
   * Component: app_util Variant: default Version: 3.0.0

Package Vendor: NordicSemiconductor
                http://developer.nordicsemi.com/nRF51_SDK/pieces/nRF_SoftDevice_Common/NordicSemiconductor.nRF_SoftDevice_Common.1.1.3.pack
                NordicSemiconductor::nRF_SoftDevice:Internal:sd_common:default:1.1.3
                Common components for Nordic Semiconductor nRF family SoftDevices.
   * Component: sd_common Variant: default Version: 1.1.3
   * Component: softdevice_present Version: 1.1.3

Package Vendor: NordicSemiconductor
                http://developer.nordicsemi.com/nRF51_SDK/pieces/nRF_SoftDevice_S110/NordicSemiconductor.nRF_SoftDevice_S110.8.0.1.pack
                NordicSemiconductor::nRF_SoftDevice:s110:default:8.0.1
                Components for Bluetooth Low Energy (Bluetooth Smart) S110 SoftDevice for Nordic Semiconductor nRF family.
   * Component: s110 Variant: default Version: 8.0.1

<h2>Collection of Component include folders:</h2>
  E:\workspace\Keil\Nordic\Gatt_study\RTE
  E:\workspace\Keil\Nordic\Gatt_study\RTE\nRF_BLE\nRF51422_xxAC
  E:\workspace\Keil\Nordic\Gatt_study\RTE\nRF_Drivers\nRF51422_xxAC
  E:\workspace\Keil\Nordic\Gatt_study\RTE\nRF_Libraries\nRF51422_xxAC
  C:\Keil_v5\ARM\PACK\ARM\CMSIS\4.3.0\CMSIS\Include
  C:\Keil_v5\ARM\PACK\NordicSemiconductor\nRF_BLE\3.0.0\ble_advertising
  C:\Keil_v5\ARM\PACK\NordicSemiconductor\nRF_BLE\3.0.0\common
  C:\Keil_v5\ARM\PACK\NordicSemiconductor\nRF_DeviceFamilyPack\7.2.1\Device\Include
  C:\Keil_v5\ARM\PACK\NordicSemiconductor\nRF_Drivers\3.0.0\common
  C:\Keil_v5\ARM\PACK\NordicSemiconductor\nRF_Drivers\3.0.0\config
  C:\Keil_v5\ARM\PACK\NordicSemiconductor\nRF_Drivers\3.0.0\gpiote
  C:\Keil_v5\ARM\PACK\NordicSemiconductor\nRF_Drivers\3.0.0\hal
  C:\Keil_v5\ARM\PACK\NordicSemiconductor\nRF_Drivers\3.0.0\pstorage
  C:\Keil_v5\ARM\PACK\NordicSemiconductor\nRF_Drivers\3.0.0\uart
  C:\Keil_v5\ARM\PACK\NordicSemiconductor\nRF_Examples\8.1.1\bsp
  C:\Keil_v5\ARM\PACK\NordicSemiconductor\nRF_Libraries\3.0.0\button
  C:\Keil_v5\ARM\PACK\NordicSemiconductor\nRF_Libraries\3.0.0\scheduler
  C:\Keil_v5\ARM\PACK\NordicSemiconductor\nRF_Libraries\3.0.0\timer
  C:\Keil_v5\ARM\PACK\NordicSemiconductor\nRF_Libraries\3.0.0\trace
  C:\Keil_v5\ARM\PACK\NordicSemiconductor\nRF_Libraries\3.0.0\util
  C:\Keil_v5\ARM\PACK\NordicSemiconductor\nRF_SoftDevice_Common\1.1.3\softdevice_handler
  C:\Keil_v5\ARM\PACK\NordicSemiconductor\nRF_SoftDevice_S110\8.0.1\headers

<h2>Collection of Component Files used:</h2>

   * Component: ARM::CMSIS:CORE:4.1.0

   * Component: NordicSemiconductor::nRF_BLE:BLE_Modules:ble_conn_params:3.0.0
      Source file:   common\ble_conn_params.c
      Include file:  common\ble_conn_params.h

   * Component: NordicSemiconductor::nRF_BLE:BLE_Modules:ble_service_common:3.0.0
      Source file:   common\ble_srv_common.c
      Include file:  common\ble_srv_common.h

   * Component: NordicSemiconductor::nRF_BLE:BLE_Modules:ble_common:3.0.0

   * Component: NordicSemiconductor::nRF_BLE:BLE_Modules:ble_advertising:3.0.0
      Source file:   ble_advertising\ble_advertising.c
      Include file:  ble_advertising\ble_advertising.h

   * Component: NordicSemiconductor::nRF_BLE:BLE_Modules:ble_advdata:3.0.0
      Source file:   common\ble_advdata.c
      Include file:  common\ble_advdata.h

   * Component: NordicSemiconductor::nRF_Drivers:nrf_delay:3.0.0
      Source file:   hal\nrf_delay.c
      Include file:  hal\nrf_delay.h

   * Component: NordicSemiconductor::nRF_Drivers:nrf_gpio:3.0.0
      Include file:  hal\nrf_gpio.h

   * Component: NordicSemiconductor::nRF_Drivers:nrf_gpiote:3.0.0
      Include file:  hal\nrf_gpiote.h

   * Component: NordicSemiconductor::nRF_Drivers:nrf_error:default:3.0.0

   * Component: NordicSemiconductor::nRF_Drivers:pstorage:default:3.0.0
      Source file:   pstorage\pstorage.c
      Include file:  pstorage\pstorage.h
      Include file:  pstorage\config\pstorage_platform.h

   * Component: NordicSemiconductor::nRF_Drivers:nrf_drv_gpiote:3.0.0
      Source file:   gpiote\nrf_drv_gpiote.c
      Include file:  gpiote\nrf_drv_gpiote.h
      Include file:  config\nrf_drv_config.h

   * Component: NordicSemiconductor::nRF_Drivers:nrf_drv_common:3.0.0
      Source file:   common\nrf_drv_common.c
      Include file:  common\nrf_drv_common.h

   * Component: NordicSemiconductor::nRF_Drivers:app_uart:default:3.0.0
      Source file:   uart\app_uart.c
      Include file:  uart\app_uart.h

   * Component: NordicSemiconductor::Board Support:bsp:Uart:8.1.1
      Source file:   bsp\bsp.c

   * Component: NordicSemiconductor::nRF_Libraries:app_button:3.0.0
      Source file:   button\app_button.c
      Include file:  button\app_button.h

   * Component: NordicSemiconductor::nRF_Libraries:app_error:3.0.0
      Source file:   util\app_error.c
      Include file:  util\app_error.h

   * Component: NordicSemiconductor::nRF_Libraries:app_scheduler:default:3.0.0
      Source file:   scheduler\app_scheduler.c
      Include file:  scheduler\app_scheduler.h

   * Component: NordicSemiconductor::nRF_Libraries:retarget:3.0.0
      Source file:   uart\retarget.c

   * Component: NordicSemiconductor::nRF_Libraries:app_trace:default:3.0.0
      Source file:   trace\app_trace.c
      Include file:  trace\app_trace.h

   * Component: NordicSemiconductor::nRF_Libraries:nrf_assert:3.0.0
      Source file:   util\nrf_assert.c
      Include file:  util\nrf_assert.h

   * Component: NordicSemiconductor::nRF_Libraries:app_timer:default:3.0.0
      Source file:   timer\app_timer.c
      Include file:  timer\app_timer.h

   * Component: NordicSemiconductor::nRF_Libraries:app_util:default:3.0.0

   * Component: NordicSemiconductor::nRF_SoftDevice:Internal:sd_common:default:1.1.3
      Source file:   softdevice_handler\softdevice_handler.c

   * Component: NordicSemiconductor::nRF_SoftDevice:Internal:softdevice_present:1.1.3

   * Component: NordicSemiconductor::nRF_SoftDevice:s110:default:8.0.1
      Include file:  headers\ble.h
      Include file:  headers\ble_gatt.h
      Include file:  headers\ble_hci.h
      Include file:  headers\ble_types.h
      Include file:  headers\nrf_error_soc.h
      Include file:  headers\nrf_soc.h
      Include file:  headers\ble_err.h
      Include file:  headers\ble_gattc.h
      Include file:  headers\ble_l2cap.h
      Include file:  headers\nrf_error.h
      Include file:  headers\nrf_mbr.h
      Include file:  headers\nrf_svc.h
      Include file:  headers\ble_gap.h
      Include file:  headers\ble_gatts.h
      Include file:  headers\ble_ranges.h
      Include file:  headers\nrf_error_sdm.h
      Include file:  headers\nrf_sdm.h
      Include file:  headers\softdevice_assert.h
      Include file:  headers\nrf_sd_def.h
Target not created.
</pre>
</body>
</html>
